Arguments: 
  C:\Program Files\nodejs\node.exe C:\Users\Ирина\AppData\Roaming\npm\node_modules\yarn\bin\yarn.js install

PATH: 
  C:\incubator\counterekzamen\node_modules\.bin;C:\Windows;C:\Windows;C:\Windows;C:\Windows;C:\Windows;C:\Windows;C:\Windows;C:\Windows;C:\Program Files (x86)\Pervasive Software\PSQL\bin\;C:\Windows\system32;C:\Windows;C:\Windows\System32\Wbem;C:\Windows\System32\WindowsPowerShell\v1.0\;C:\Program Files\Hewlett-Packard\SimplePass\;C:\Program Files (x86)\Windows Live\Shared;C:\Program Files (x86)\ATI Technologies\ATI.ACE\Core-Static;C:\Program Files (x86)\Brackets\command;C:\Program Files (x86)\Rational\common;C:\Program Files\nodejs\;C:\Git\cmd;C:\Users\Ирина\AppData\Roaming\npm

Yarn version: 
  1.22.10

Node version: 
  14.17.3

Platform: 
  win32 x64

Trace: 
  Error: https://registry.yarnpkg.com/@material-ui/icons/-/icons-4.11.2.tgz: ESOCKETTIMEDOUT
      at ClientRequest.<anonymous> (C:\Users\Ирина\AppData\Roaming\npm\node_modules\yarn\lib\cli.js:141289:19)
      at Object.onceWrapper (events.js:481:28)
      at ClientRequest.emit (events.js:375:28)
      at TLSSocket.emitRequestTimeout (_http_client.js:790:9)
      at Object.onceWrapper (events.js:481:28)
      at TLSSocket.emit (events.js:387:35)
      at TLSSocket.Socket._onTimeout (net.js:484:8)
      at listOnTimeout (internal/timers.js:557:17)
      at processTimers (internal/timers.js:500:7)

npm manifest: 
  {
    "name": "it-incubator-todolist-ts",
    "version": "0.1.0",
    "private": true,
    "dependencies": {
      "@material-ui/core": "^4.10.1",
      "@material-ui/icons": "^4.9.1",
      "@testing-library/jest-dom": "^5.11.4",
      "@testing-library/react": "^11.1.0",
      "@testing-library/user-event": "^12.1.10",
      "@types/jest": "^26.0.15",
      "@types/node": "^12.0.0",
      "@types/react": "^17.0.0",
      "@types/react-dom": "^17.0.0",
      "@types/react-redux": "^7.1.16",
      "@types/uuid": "^7.0.3",
      "react": "^17.0.2",
      "react-dom": "^17.0.2",
      "react-redux": "^7.2.3",
      "react-scripts": "4.0.3",
      "redux": "^4.0.5",
      "typescript": "^4.1.2",
      "web-vitals": "^1.0.1",
      "uuid": "^8.0.0"
    },
    "scripts": {
      "start": "react-scripts start",
      "build": "react-scripts build",
      "test": "react-scripts test",
      "eject": "react-scripts eject"
    },
    "eslintConfig": {
      "extends": [
        "react-app",
        "react-app/jest"
      ]
    },
    "browserslist": {
      "production": [
        ">0.2%",
        "not dead",
        "not op_mini all"
      ],
      "development": [
        "last 1 chrome version",
        "last 1 firefox version",
        "last 1 safari version"
      ]
    }
  }

yarn manifest: 
  No manifest

Lockfile: 
  No lockfile
